2025-06-07 19:12:54.424 [info] [main] Log level: Info
2025-06-07 19:12:54.424 [info] [main] Validating found git in: "git"
2025-06-07 19:12:54.424 [info] [main] Using git "2.49.0" from "git"
2025-06-07 19:12:54.424 [info] [Model][doInitialScan] Initial repository scan started
2025-06-07 19:12:54.424 [info] > git rev-parse --show-toplevel [25ms]
2025-06-07 19:12:54.424 [info] fatal: not a git repository (or any parent up to mount point /)
Stopping at filesystem boundary (GIT_DISCOVERY_ACROSS_FILESYSTEM not set).
2025-06-07 19:12:54.424 [info] > git rev-parse --show-toplevel [7ms]
2025-06-07 19:12:54.428 [info] > git rev-parse --git-dir --git-common-dir [1ms]
2025-06-07 19:12:54.435 [info] [Model][openRepository] Opened repository (path): /home/kudos/.dotfiles
2025-06-07 19:12:54.435 [info] [Model][openRepository] Opened repository (real path): /home/kudos/.dotfiles
2025-06-07 19:12:54.443 [info] > git rev-parse --show-toplevel [1ms]
2025-06-07 19:12:54.443 [info] fatal: not a git repository (or any parent up to mount point /)
Stopping at filesystem boundary (GIT_DISCOVERY_ACROSS_FILESYSTEM not set).
2025-06-07 19:12:54.444 [info] > git config --get commit.template [4ms]
2025-06-07 19:12:54.451 [info] > git rev-parse --show-toplevel [4ms]
2025-06-07 19:12:54.451 [info] fatal: not a git repository (or any parent up to mount point /)
Stopping at filesystem boundary (GIT_DISCOVERY_ACROSS_FILESYSTEM not set).
2025-06-07 19:12:54.454 [info] > git rev-parse --show-toplevel [0ms]
2025-06-07 19:12:54.455 [info] fatal: not a git repository (or any parent up to mount point /)
Stopping at filesystem boundary (GIT_DISCOVERY_ACROSS_FILESYSTEM not set).
2025-06-07 19:12:54.455 [info] > git for-each-ref --format=%(refname)%00%(upstream:short)%00%(objectname)%00%(upstream:track)%00%(upstream:remotename)%00%(upstream:remoteref) refs/heads/master refs/remotes/master [5ms]
2025-06-07 19:12:54.459 [warning] [Git][revParse] Unable to read file: ENOENT: no such file or directory, open '/home/kudos/.dotfiles/.git/refs/remotes/origin/master'
2025-06-07 19:12:54.460 [info] > git rev-parse --show-toplevel [3ms]
2025-06-07 19:12:54.460 [info] fatal: not a git repository (or any parent up to mount point /)
Stopping at filesystem boundary (GIT_DISCOVERY_ACROSS_FILESYSTEM not set).
2025-06-07 19:12:54.462 [info] > git rev-parse refs/remotes/origin/master [3ms]
2025-06-07 19:12:54.469 [info] > git rev-parse --show-toplevel [7ms]
2025-06-07 19:12:54.469 [info] fatal: not a git repository (or any parent up to mount point /)
Stopping at filesystem boundary (GIT_DISCOVERY_ACROSS_FILESYSTEM not set).
2025-06-07 19:12:54.471 [info] > git for-each-ref --sort -committerdate --format %(refname)%00%(objectname)%00%(*objectname) [3ms]
2025-06-07 19:12:54.472 [info] > git status -z -uall [7ms]
2025-06-07 19:12:54.487 [info] > git rev-parse --show-toplevel [16ms]
2025-06-07 19:12:54.487 [info] fatal: not a git repository (or any parent up to mount point /)
Stopping at filesystem boundary (GIT_DISCOVERY_ACROSS_FILESYSTEM not set).
2025-06-07 19:12:54.491 [info] > git for-each-ref --format=%(refname)%00%(upstream:short)%00%(objectname)%00%(upstream:track)%00%(upstream:remotename)%00%(upstream:remoteref) refs/heads/master refs/remotes/master [6ms]
2025-06-07 19:12:54.495 [info] > git config --get --local branch.master.vscode-merge-base [1ms]
2025-06-07 19:12:54.498 [info] > git rev-parse --show-toplevel [7ms]
2025-06-07 19:12:54.498 [info] fatal: not a git repository (or any parent up to mount point /)
Stopping at filesystem boundary (GIT_DISCOVERY_ACROSS_FILESYSTEM not set).
2025-06-07 19:12:54.498 [info] > git config --get commit.template [9ms]
2025-06-07 19:12:54.501 [info] > git for-each-ref --format=%(refname)%00%(upstream:short)%00%(objectname)%00%(upstream:track)%00%(upstream:remotename)%00%(upstream:remoteref) refs/heads/origin/master refs/remotes/origin/master [3ms]
2025-06-07 19:12:54.524 [info] > git merge-base refs/heads/master refs/remotes/origin/master [20ms]
2025-06-07 19:12:54.527 [info] > git rev-parse --show-toplevel [26ms]
2025-06-07 19:12:54.527 [info] fatal: not a git repository (or any parent up to mount point /)
Stopping at filesystem boundary (GIT_DISCOVERY_ACROSS_FILESYSTEM not set).
2025-06-07 19:12:54.531 [info] > git diff --name-status -z --diff-filter=ADMR 9324e8d480fc29cb97b909c37ca13b3c48676325...refs/remotes/origin/master [4ms]
2025-06-07 19:12:54.532 [info] > git for-each-ref --format=%(refname)%00%(upstream:short)%00%(objectname)%00%(upstream:track)%00%(upstream:remotename)%00%(upstream:remoteref) refs/heads/master refs/remotes/master [9ms]
2025-06-07 19:12:54.535 [warning] [Git][revParse] Unable to read file: ENOENT: no such file or directory, open '/home/kudos/.dotfiles/.git/refs/remotes/origin/master'
2025-06-07 19:12:54.536 [info] > git rev-parse --show-toplevel [4ms]
2025-06-07 19:12:54.536 [info] fatal: not a git repository (or any parent up to mount point /)
Stopping at filesystem boundary (GIT_DISCOVERY_ACROSS_FILESYSTEM not set).
2025-06-07 19:12:54.538 [info] > git rev-parse refs/remotes/origin/master [3ms]
2025-06-07 19:12:54.543 [info] > git status -z -uall [3ms]
2025-06-07 19:12:54.544 [info] > git rev-parse --show-toplevel [6ms]
2025-06-07 19:12:54.547 [info] > git for-each-ref --sort -committerdate --format %(refname)%00%(objectname)%00%(*objectname) [4ms]
2025-06-07 19:12:54.555 [info] > git rev-parse --git-dir --git-common-dir [9ms]
2025-06-07 19:12:54.558 [info] [Model][openRepository] Opened repository (path): /home/kudos/rofi-themes-collection
2025-06-07 19:12:54.558 [info] [Model][openRepository] Opened repository (real path): /home/kudos/rofi-themes-collection
2025-06-07 19:12:54.558 [info] [Model][doInitialScan] Initial repository scan completed - repositories (2), closed repositories (0), parent repositories (0), unsafe repositories (0)
2025-06-07 19:12:54.565 [info] > git config --get commit.template [4ms]
2025-06-07 19:12:54.572 [info] > git for-each-ref --format=%(refname)%00%(upstream:short)%00%(objectname)%00%(upstream:track)%00%(upstream:remotename)%00%(upstream:remoteref) refs/heads/master refs/remotes/master [3ms]
2025-06-07 19:12:54.575 [warning] [Git][revParse] Unable to read file: ENOENT: no such file or directory, open '/home/kudos/rofi-themes-collection/.git/refs/remotes/origin/master'
2025-06-07 19:12:54.576 [info] > git rev-parse refs/remotes/origin/master [1ms]
2025-06-07 19:12:54.582 [info] > git for-each-ref --sort -committerdate --format %(refname)%00%(objectname)%00%(*objectname) [1ms]
2025-06-07 19:12:54.604 [info] > git status -z -uall [25ms]
2025-06-07 19:12:54.611 [info] > git for-each-ref --format=%(refname)%00%(upstream:short)%00%(objectname)%00%(upstream:track)%00%(upstream:remotename)%00%(upstream:remoteref) refs/heads/master refs/remotes/master [3ms]
2025-06-07 19:12:54.614 [info] > git config --get --local branch.master.vscode-merge-base [1ms]
2025-06-07 19:12:54.617 [info] > git config --get commit.template [6ms]
2025-06-07 19:12:54.617 [info] > git for-each-ref --format=%(refname)%00%(upstream:short)%00%(objectname)%00%(upstream:track)%00%(upstream:remotename)%00%(upstream:remoteref) refs/heads/origin/master refs/remotes/origin/master [0ms]
2025-06-07 19:12:54.622 [info] > git merge-base refs/heads/master refs/remotes/origin/master [2ms]
2025-06-07 19:12:54.625 [info] > git for-each-ref --format=%(refname)%00%(upstream:short)%00%(objectname)%00%(upstream:track)%00%(upstream:remotename)%00%(upstream:remoteref) refs/heads/master refs/remotes/master [3ms]
2025-06-07 19:12:54.627 [warning] [Git][revParse] Unable to read file: ENOENT: no such file or directory, open '/home/kudos/rofi-themes-collection/.git/refs/remotes/origin/master'
2025-06-07 19:12:54.627 [info] > git diff --name-status -z --diff-filter=ADMR ec731cef79d39fc7ae12ef2a70a2a0dd384f9730...refs/remotes/origin/master [2ms]
2025-06-07 19:12:54.628 [info] > git rev-parse refs/remotes/origin/master [1ms]
2025-06-07 19:12:54.633 [info] > git for-each-ref --sort -committerdate --format %(refname)%00%(objectname)%00%(*objectname) [1ms]
2025-06-07 19:12:54.646 [info] > git status -z -uall [16ms]
2025-06-07 19:12:54.864 [info] > git show --textconv :.tmux.conf [3ms]
2025-06-07 19:12:54.864 [info] > git ls-files --stage -- .tmux.conf [1ms]
2025-06-07 19:12:54.868 [info] > git cat-file -s 267e04bd602a232221db0e2d02289c706cf4d779 [1ms]
2025-06-07 19:12:55.073 [info] > git check-ignore -v -z --stdin [3ms]
2025-06-07 19:12:55.073 [info] > git check-ignore -v -z --stdin [1ms]
2025-06-07 19:12:56.239 [info] > git rev-parse --show-toplevel [0ms]
2025-06-07 19:12:56.239 [info] fatal: not a git repository (or any parent up to mount point /)
Stopping at filesystem boundary (GIT_DISCOVERY_ACROSS_FILESYSTEM not set).
2025-06-07 20:52:28.888 [info] > git rev-parse --show-toplevel [1ms]
2025-06-07 20:52:28.888 [info] fatal: not a git repository (or any parent up to mount point /)
Stopping at filesystem boundary (GIT_DISCOVERY_ACROSS_FILESYSTEM not set).
2025-06-07 21:00:20.971 [info] > git rev-parse --show-toplevel [1ms]
2025-06-07 21:00:20.971 [info] fatal: not a git repository (or any parent up to mount point /)
Stopping at filesystem boundary (GIT_DISCOVERY_ACROSS_FILESYSTEM not set).
2025-06-07 21:01:34.945 [info] > git rev-parse --show-toplevel [1ms]
2025-06-07 21:01:34.945 [info] fatal: not a git repository (or any parent up to mount point /)
Stopping at filesystem boundary (GIT_DISCOVERY_ACROSS_FILESYSTEM not set).
2025-06-07 21:01:38.699 [info] > git rev-parse --show-toplevel [2ms]
2025-06-07 21:01:38.699 [info] fatal: not a git repository (or any parent up to mount point /)
Stopping at filesystem boundary (GIT_DISCOVERY_ACROSS_FILESYSTEM not set).
2025-06-07 21:01:52.897 [info] > git rev-parse --show-toplevel [1ms]
2025-06-07 21:01:52.897 [info] fatal: not a git repository (or any parent up to mount point /)
Stopping at filesystem boundary (GIT_DISCOVERY_ACROSS_FILESYSTEM not set).
2025-06-07 21:01:54.810 [info] > git rev-parse --show-toplevel [1ms]
2025-06-07 21:01:54.810 [info] fatal: not a git repository (or any parent up to mount point /)
Stopping at filesystem boundary (GIT_DISCOVERY_ACROSS_FILESYSTEM not set).
2025-06-07 21:02:30.061 [info] > git rev-parse --show-toplevel [1ms]
2025-06-07 21:02:30.061 [info] fatal: not a git repository (or any parent up to mount point /)
Stopping at filesystem boundary (GIT_DISCOVERY_ACROSS_FILESYSTEM not set).
