2025-06-01 14:31:45.479 [info] [main] Log level: Info
2025-06-01 14:31:45.480 [info] [main] Validating found git in: "git"
2025-06-01 14:31:45.480 [info] [main] Using git "2.49.0" from "git"
2025-06-01 14:31:45.480 [info] [Model][doInitialScan] Initial repository scan started
2025-06-01 14:31:45.480 [info] [Model][doInitialScan] Initial repository scan completed - repositories (0), closed repositories (0), parent repositories (0), unsafe repositories (0)
2025-06-01 14:32:14.138 [info] [main] Log level: Info
2025-06-01 14:32:14.138 [info] [main] Validating found git in: "git"
2025-06-01 14:32:14.138 [info] [main] Using git "2.49.0" from "git"
2025-06-01 14:32:14.138 [info] [Model][doInitialScan] Initial repository scan started
2025-06-01 14:32:14.138 [info] > git rev-parse --show-toplevel [5ms]
2025-06-01 14:32:14.145 [info] > git rev-parse --show-toplevel [1ms]
2025-06-01 14:32:14.148 [info] > git rev-parse --show-toplevel [1ms]
2025-06-01 14:32:14.151 [info] > git rev-parse --show-toplevel [1ms]
2025-06-01 14:32:14.153 [info] > git rev-parse --show-toplevel [0ms]
2025-06-01 14:32:14.156 [info] > git rev-parse --show-toplevel [1ms]
2025-06-01 14:32:14.159 [info] > git rev-parse --show-toplevel [1ms]
2025-06-01 14:32:14.161 [info] > git rev-parse --show-toplevel [0ms]
2025-06-01 14:32:14.167 [info] > git rev-parse --show-toplevel [0ms]
2025-06-01 14:32:14.169 [info] > git rev-parse --show-toplevel [0ms]
2025-06-01 14:32:14.170 [info] [Model][doInitialScan] Initial repository scan completed - repositories (0), closed repositories (0), parent repositories (1), unsafe repositories (0)
2025-06-01 14:32:15.894 [info] > git rev-parse --show-toplevel [0ms]
2025-06-01 14:32:27.506 [info] > git rev-parse --show-toplevel [1ms]
2025-06-01 14:32:27.510 [info] > git rev-parse --git-dir --git-common-dir [1ms]
2025-06-01 14:32:27.516 [info] [Model][openRepository] Opened repository (path): /home/kudos/.dotfiles
2025-06-01 14:32:27.517 [info] [Model][openRepository] Opened repository (real path): /home/kudos/.dotfiles
2025-06-01 14:32:27.522 [info] > git config --get commit.template [2ms]
2025-06-01 14:32:27.530 [info] > git for-each-ref --format=%(refname)%00%(upstream:short)%00%(objectname)%00%(upstream:track)%00%(upstream:remotename)%00%(upstream:remoteref) refs/heads/master refs/remotes/master [4ms]
2025-06-01 14:32:27.533 [warning] [Git][revParse] Unable to read file: ENOENT: no such file or directory, open '/home/kudos/.dotfiles/.git/refs/remotes/origin/master'
2025-06-01 14:32:27.533 [info] > git rev-parse refs/remotes/origin/master [0ms]
2025-06-01 14:32:27.540 [info] > git for-each-ref --sort -committerdate --format %(refname)%00%(objectname)%00%(*objectname) [1ms]
2025-06-01 14:32:27.543 [info] > git status -z -uall [7ms]
2025-06-01 14:32:27.560 [info] > git for-each-ref --format=%(refname)%00%(upstream:short)%00%(objectname)%00%(upstream:track)%00%(upstream:remotename)%00%(upstream:remoteref) refs/heads/master refs/remotes/master [4ms]
2025-06-01 14:32:27.563 [info] > git config --get --local branch.master.vscode-merge-base [1ms]
2025-06-01 14:32:27.566 [info] > git config --get commit.template [7ms]
2025-06-01 14:32:27.567 [info] > git for-each-ref --format=%(refname)%00%(upstream:short)%00%(objectname)%00%(upstream:track)%00%(upstream:remotename)%00%(upstream:remoteref) refs/heads/origin/master refs/remotes/origin/master [1ms]
2025-06-01 14:32:27.588 [info] > git merge-base refs/heads/master refs/remotes/origin/master [18ms]
2025-06-01 14:32:27.593 [info] > git diff --name-status -z --diff-filter=ADMR 9324e8d480fc29cb97b909c37ca13b3c48676325...refs/remotes/origin/master [2ms]
2025-06-01 14:32:27.593 [info] > git for-each-ref --format=%(refname)%00%(upstream:short)%00%(objectname)%00%(upstream:track)%00%(upstream:remotename)%00%(upstream:remoteref) refs/heads/master refs/remotes/master [5ms]
2025-06-01 14:32:27.596 [warning] [Git][revParse] Unable to read file: ENOENT: no such file or directory, open '/home/kudos/.dotfiles/.git/refs/remotes/origin/master'
2025-06-01 14:32:27.597 [info] > git rev-parse refs/remotes/origin/master [1ms]
2025-06-01 14:32:27.602 [info] > git status -z -uall [3ms]
2025-06-01 14:32:27.602 [info] > git for-each-ref --sort -committerdate --format %(refname)%00%(objectname)%00%(*objectname) [1ms]
2025-06-01 14:32:28.027 [info] > git check-ignore -v -z --stdin [1ms]
2025-06-01 14:32:31.068 [info] > git check-ignore -v -z --stdin [0ms]
2025-06-01 14:32:33.148 [info] > git check-ignore -v -z --stdin [1ms]
2025-06-01 14:32:33.559 [info] > git ls-files --stage -- .config/dunst/dunstrc [1ms]
2025-06-01 14:32:33.562 [info] > git show --textconv :.config/dunst/dunstrc [6ms]
2025-06-01 14:32:33.562 [info] > git cat-file -s ebe436c982d7557556b70fc60d1e2c8cecb64ab9 [1ms]
2025-06-01 14:32:41.649 [info] > git check-ignore -v -z --stdin [1ms]
2025-06-01 14:32:44.756 [info] > git ls-files --stage -- .config/hypr/hypridle.conf [1ms]
2025-06-01 14:32:44.759 [info] > git show --textconv :.config/hypr/hypridle.conf [7ms]
2025-06-01 14:32:44.759 [info] > git cat-file -s 728bdb14fe31ccd2f81e2c69d9ee6efb6a73eea1 [1ms]
2025-06-01 14:32:50.720 [info] > git show --textconv :.config/hypr/hyprpaper.conf [2ms]
2025-06-01 14:32:50.721 [info] > git ls-files --stage -- .config/hypr/hyprpaper.conf [1ms]
2025-06-01 14:32:50.726 [info] > git cat-file -s 11b5ac913d1484659d565d26e6c4127f62b0fc77 [1ms]
2025-06-01 14:32:51.638 [info] > git show --textconv :.config/hypr/monitors.conf [2ms]
2025-06-01 14:32:51.639 [info] > git ls-files --stage -- .config/hypr/monitors.conf [1ms]
2025-06-01 14:32:51.641 [info] > git cat-file -s 6701343ad097386848e9b658a5c49d17156c6fba [0ms]
2025-06-01 14:32:52.398 [info] > git show --textconv :.config/hypr/workspaces.conf [3ms]
2025-06-01 14:32:52.398 [info] > git ls-files --stage -- .config/hypr/workspaces.conf [0ms]
2025-06-01 14:32:52.401 [info] > git cat-file -s e69de29bb2d1d6434b8b29ae775ad8c2e48c5391 [1ms]
2025-06-01 14:32:53.851 [info] > git show --textconv :.config/hypr/monitors.conf [3ms]
2025-06-01 14:32:53.851 [info] > git ls-files --stage -- .config/hypr/monitors.conf [1ms]
2025-06-01 14:32:53.854 [info] > git cat-file -s 6701343ad097386848e9b658a5c49d17156c6fba [1ms]
2025-06-01 14:36:40.108 [info] > git check-ignore -v -z --stdin [0ms]
2025-06-01 14:36:41.268 [info] > git show --textconv :.config/hypr/hyprland/execs.conf [3ms]
2025-06-01 14:36:41.268 [info] > git ls-files --stage -- .config/hypr/hyprland/execs.conf [0ms]
2025-06-01 14:36:41.271 [info] > git cat-file -s 9fca8889e777fdc170da568e74ae6fbeabaf7d9a [1ms]
2025-06-01 14:36:55.010 [info] > git check-ignore -v -z --stdin [1ms]
2025-06-01 14:36:55.527 [info] > git show --textconv :.config/hypr/scripts/brightness.sh [15ms]
2025-06-01 14:36:55.527 [info] > git ls-files --stage -- .config/hypr/scripts/brightness.sh [1ms]
2025-06-01 14:36:55.530 [info] > git cat-file -s 5d0144d3c6a940459d5d039a8eccef5b9917d69d [0ms]
2025-06-01 14:36:56.199 [info] > git show --textconv :.config/hypr/scripts/volume.sh [3ms]
2025-06-01 14:36:56.200 [info] > git ls-files --stage -- .config/hypr/scripts/volume.sh [1ms]
2025-06-01 14:36:56.203 [info] > git cat-file -s 8e3a5800ab97f6336f15d9c74bf60df226034f20 [1ms]
2025-06-01 14:36:58.791 [info] > git check-ignore -v -z --stdin [1ms]
2025-06-01 14:37:05.334 [info] > git check-ignore -v -z --stdin [1ms]
2025-06-01 14:37:07.946 [info] > git show --textconv :.config/nwg-bar/bar.json [3ms]
2025-06-01 14:37:07.947 [info] > git ls-files --stage -- .config/nwg-bar/bar.json [1ms]
2025-06-01 14:37:07.949 [info] > git cat-file -s 8c87be2c6d2c6130f520e7dbcb97a4787b9155aa [0ms]
2025-06-01 14:37:10.635 [info] > git check-ignore -v -z --stdin [1ms]
2025-06-01 14:37:12.230 [info] > git check-ignore -v -z --stdin [1ms]
2025-06-01 14:37:13.368 [info] > git show --textconv :.config/starship.toml [4ms]
2025-06-01 14:37:13.368 [info] > git ls-files --stage -- .config/starship.toml [1ms]
2025-06-01 14:37:13.371 [info] > git cat-file -s 639d2a5509499b176f46e3ea65d4605d634bec17 [1ms]
2025-06-01 14:37:17.119 [info] > git check-ignore -v -z --stdin [1ms]
2025-06-01 14:37:17.623 [info] > git show --textconv :.config/alacritty/themes/catppuccin-mocha.toml [4ms]
2025-06-01 14:37:17.623 [info] > git ls-files --stage -- .config/alacritty/themes/catppuccin-mocha.toml [1ms]
2025-06-01 14:37:17.626 [info] > git cat-file -s 1dfe85705b8e8b5539deae0c1171ec7fc1912167 [0ms]
2025-06-01 14:37:18.279 [info] > git show --textconv :.config/alacritty/themes/rose-pine.toml [3ms]
2025-06-01 14:37:18.279 [info] > git ls-files --stage -- .config/alacritty/themes/rose-pine.toml [1ms]
2025-06-01 14:37:18.282 [info] > git cat-file -s 39571d45196b57659f1275563a7d1603ab987785 [1ms]
2025-06-01 14:37:21.817 [info] > git show --textconv :.config/hypr/hyprland.conf [3ms]
2025-06-01 14:37:21.818 [info] > git ls-files --stage -- .config/hypr/hyprland.conf [1ms]
2025-06-01 14:37:21.821 [info] > git cat-file -s 0f87df4d0379aa53ea26d4dd49190db9b6962dc8 [1ms]
2025-06-01 14:37:27.750 [info] > git show --textconv :.config/hypr/hyprland/general.conf [3ms]
2025-06-01 14:37:27.751 [info] > git ls-files --stage -- .config/hypr/hyprland/general.conf [1ms]
2025-06-01 14:37:27.753 [info] > git cat-file -s 18aaa393ea92b36d033c1101363efa2ea43ed654 [0ms]
2025-06-01 14:39:44.639 [info] > git blame --root --incremental 9324e8d480fc29cb97b909c37ca13b3c48676325 -- .config/hypr/hyprland/general.conf [2ms]
