2025-06-07 18:09:52.338 [info] [main] Log level: Info
2025-06-07 18:09:52.338 [info] [main] Validating found git in: "git"
2025-06-07 18:09:52.338 [info] [main] Using git "2.49.0" from "git"
2025-06-07 18:09:52.338 [info] [Model][doInitialScan] Initial repository scan started
2025-06-07 18:09:52.338 [info] > git rev-parse --show-toplevel [4ms]
2025-06-07 18:09:52.338 [info] fatal: not a git repository (or any parent up to mount point /)
Stopping at filesystem boundary (GIT_DISCOVERY_ACROSS_FILESYSTEM not set).
2025-06-07 18:09:52.338 [info] > git rev-parse --show-toplevel [20ms]
2025-06-07 18:09:52.338 [info] fatal: not a git repository (or any parent up to mount point /)
Stopping at filesystem boundary (GIT_DISCOVERY_ACROSS_FILESYSTEM not set).
2025-06-07 18:09:52.344 [info] > git rev-parse --show-toplevel [1ms]
2025-06-07 18:09:52.344 [info] fatal: not a git repository (or any parent up to mount point /)
Stopping at filesystem boundary (GIT_DISCOVERY_ACROSS_FILESYSTEM not set).
2025-06-07 18:09:52.348 [info] > git rev-parse --show-toplevel [1ms]
2025-06-07 18:09:52.348 [info] fatal: not a git repository (or any parent up to mount point /)
Stopping at filesystem boundary (GIT_DISCOVERY_ACROSS_FILESYSTEM not set).
2025-06-07 18:09:52.352 [info] > git rev-parse --show-toplevel [1ms]
2025-06-07 18:09:52.356 [info] > git rev-parse --git-dir --git-common-dir [1ms]
2025-06-07 18:09:52.363 [info] [Model][openRepository] Opened repository (path): /home/kudos/.dotfiles
2025-06-07 18:09:52.363 [info] [Model][openRepository] Opened repository (real path): /home/kudos/.dotfiles
2025-06-07 18:09:52.371 [info] > git rev-parse --show-toplevel [1ms]
2025-06-07 18:09:52.371 [info] fatal: not a git repository (or any parent up to mount point /)
Stopping at filesystem boundary (GIT_DISCOVERY_ACROSS_FILESYSTEM not set).
2025-06-07 18:09:52.372 [info] > git config --get commit.template [4ms]
2025-06-07 18:09:52.379 [info] > git rev-parse --show-toplevel [5ms]
2025-06-07 18:09:52.379 [info] fatal: not a git repository (or any parent up to mount point /)
Stopping at filesystem boundary (GIT_DISCOVERY_ACROSS_FILESYSTEM not set).
2025-06-07 18:09:52.383 [info] > git for-each-ref --format=%(refname)%00%(upstream:short)%00%(objectname)%00%(upstream:track)%00%(upstream:remotename)%00%(upstream:remoteref) refs/heads/master refs/remotes/master [6ms]
2025-06-07 18:09:52.385 [warning] [Git][revParse] Unable to read file: ENOENT: no such file or directory, open '/home/kudos/.dotfiles/.git/refs/remotes/origin/master'
2025-06-07 18:09:52.386 [info] > git rev-parse --show-toplevel [4ms]
2025-06-07 18:09:52.386 [info] fatal: not a git repository (or any parent up to mount point /)
Stopping at filesystem boundary (GIT_DISCOVERY_ACROSS_FILESYSTEM not set).
2025-06-07 18:09:52.394 [info] > git rev-parse refs/remotes/origin/master [9ms]
2025-06-07 18:09:52.401 [info] > git rev-parse --show-toplevel [13ms]
2025-06-07 18:09:52.401 [info] fatal: not a git repository (or any parent up to mount point /)
Stopping at filesystem boundary (GIT_DISCOVERY_ACROSS_FILESYSTEM not set).
2025-06-07 18:09:52.404 [info] > git status -z -uall [7ms]
2025-06-07 18:09:52.405 [info] > git for-each-ref --sort -committerdate --format %(refname)%00%(objectname)%00%(*objectname) [5ms]
2025-06-07 18:09:52.407 [info] > git rev-parse --show-toplevel [3ms]
2025-06-07 18:09:52.407 [info] fatal: not a git repository (or any parent up to mount point /)
Stopping at filesystem boundary (GIT_DISCOVERY_ACROSS_FILESYSTEM not set).
2025-06-07 18:09:52.426 [info] > git for-each-ref --format=%(refname)%00%(upstream:short)%00%(objectname)%00%(upstream:track)%00%(upstream:remotename)%00%(upstream:remoteref) refs/heads/master refs/remotes/master [6ms]
2025-06-07 18:09:52.430 [info] > git config --get --local branch.master.vscode-merge-base [1ms]
2025-06-07 18:09:52.433 [info] > git config --get commit.template [7ms]
2025-06-07 18:09:52.433 [info] > git rev-parse --show-toplevel [9ms]
2025-06-07 18:09:52.433 [info] fatal: not a git repository (or any parent up to mount point /)
Stopping at filesystem boundary (GIT_DISCOVERY_ACROSS_FILESYSTEM not set).
2025-06-07 18:09:52.455 [info] > git for-each-ref --format=%(refname)%00%(upstream:short)%00%(objectname)%00%(upstream:track)%00%(upstream:remotename)%00%(upstream:remoteref) refs/heads/origin/master refs/remotes/origin/master [22ms]
2025-06-07 18:09:52.459 [info] > git rev-parse --show-toplevel [23ms]
2025-06-07 18:09:52.464 [info] > git merge-base refs/heads/master refs/remotes/origin/master [5ms]
2025-06-07 18:09:52.467 [info] > git for-each-ref --format=%(refname)%00%(upstream:short)%00%(objectname)%00%(upstream:track)%00%(upstream:remotename)%00%(upstream:remoteref) refs/heads/master refs/remotes/master [12ms]
2025-06-07 18:09:52.469 [warning] [Git][revParse] Unable to read file: ENOENT: no such file or directory, open '/home/kudos/.dotfiles/.git/refs/remotes/origin/master'
2025-06-07 18:09:52.470 [info] > git diff --name-status -z --diff-filter=ADMR 9324e8d480fc29cb97b909c37ca13b3c48676325...refs/remotes/origin/master [4ms]
2025-06-07 18:09:52.470 [info] > git rev-parse --git-dir --git-common-dir [7ms]
2025-06-07 18:09:52.473 [info] [Model][openRepository] Opened repository (path): /home/kudos/rofi-themes-collection
2025-06-07 18:09:52.473 [info] [Model][openRepository] Opened repository (real path): /home/kudos/rofi-themes-collection
2025-06-07 18:09:52.480 [info] > git rev-parse refs/remotes/origin/master [11ms]
2025-06-07 18:09:52.487 [info] > git status -z -uall [4ms]
2025-06-07 18:09:52.487 [info] > git for-each-ref --sort -committerdate --format %(refname)%00%(objectname)%00%(*objectname) [1ms]
2025-06-07 18:09:52.489 [info] > git rev-parse --show-toplevel [11ms]
2025-06-07 18:09:52.489 [info] > git config --get commit.template [13ms]
2025-06-07 18:09:52.496 [info] > git rev-parse --git-dir --git-common-dir [3ms]
2025-06-07 18:09:52.499 [info] [Model][openRepository] Opened repository (path): /home/kudos/yay
2025-06-07 18:09:52.499 [info] [Model][openRepository] Opened repository (real path): /home/kudos/yay
2025-06-07 18:09:52.499 [info] [Model][doInitialScan] Initial repository scan completed - repositories (3), closed repositories (0), parent repositories (0), unsafe repositories (0)
2025-06-07 18:09:52.502 [info] > git for-each-ref --format=%(refname)%00%(upstream:short)%00%(objectname)%00%(upstream:track)%00%(upstream:remotename)%00%(upstream:remoteref) refs/heads/master refs/remotes/master [6ms]
2025-06-07 18:09:52.505 [warning] [Git][revParse] Unable to read file: ENOENT: no such file or directory, open '/home/kudos/rofi-themes-collection/.git/refs/remotes/origin/master'
2025-06-07 18:09:52.505 [info] > git config --get commit.template [3ms]
2025-06-07 18:09:52.506 [info] > git rev-parse refs/remotes/origin/master [1ms]
2025-06-07 18:09:52.514 [info] > git for-each-ref --sort -committerdate --format %(refname)%00%(objectname)%00%(*objectname) [4ms]
2025-06-07 18:09:52.519 [info] > git for-each-ref --format=%(refname)%00%(upstream:short)%00%(objectname)%00%(upstream:track)%00%(upstream:remotename)%00%(upstream:remoteref) refs/heads/master refs/remotes/master [5ms]
2025-06-07 18:09:52.522 [warning] [Git][revParse] Unable to read file: ENOENT: no such file or directory, open '/home/kudos/yay/.git/refs/remotes/origin/master'
2025-06-07 18:09:52.522 [info] > git rev-parse refs/remotes/origin/master [0ms]
2025-06-07 18:09:52.527 [info] > git status -z -uall [2ms]
2025-06-07 18:09:52.528 [info] > git for-each-ref --sort -committerdate --format %(refname)%00%(objectname)%00%(*objectname) [1ms]
2025-06-07 18:09:52.537 [info] > git status -z -uall [29ms]
2025-06-07 18:09:52.537 [info] > git for-each-ref --format=%(refname)%00%(upstream:short)%00%(objectname)%00%(upstream:track)%00%(upstream:remotename)%00%(upstream:remoteref) refs/heads/master refs/remotes/master [4ms]
2025-06-07 18:09:52.540 [info] > git config --get --local branch.master.vscode-merge-base [1ms]
2025-06-07 18:09:52.542 [info] > git config --get commit.template [6ms]
2025-06-07 18:09:52.550 [info] > git for-each-ref --format=%(refname)%00%(upstream:short)%00%(objectname)%00%(upstream:track)%00%(upstream:remotename)%00%(upstream:remoteref) refs/heads/master refs/remotes/master [4ms]
2025-06-07 18:09:52.552 [info] > git for-each-ref --format=%(refname)%00%(upstream:short)%00%(objectname)%00%(upstream:track)%00%(upstream:remotename)%00%(upstream:remoteref) refs/heads/origin/master refs/remotes/origin/master [10ms]
2025-06-07 18:09:52.558 [info] > git merge-base refs/heads/master refs/remotes/origin/master [3ms]
2025-06-07 18:09:52.560 [info] > git config --get --local branch.master.vscode-merge-base [8ms]
2025-06-07 18:09:52.563 [info] > git config --get commit.template [13ms]
2025-06-07 18:09:52.563 [info] > git diff --name-status -z --diff-filter=ADMR 59714d8ae3dc1e5790228c1faeef8283b0c0101f...refs/remotes/origin/master [3ms]
2025-06-07 18:09:52.563 [info] > git for-each-ref --format=%(refname)%00%(upstream:short)%00%(objectname)%00%(upstream:track)%00%(upstream:remotename)%00%(upstream:remoteref) refs/heads/master refs/remotes/master [5ms]
2025-06-07 18:09:52.569 [warning] [Git][revParse] Unable to read file: ENOENT: no such file or directory, open '/home/kudos/yay/.git/refs/remotes/origin/master'
2025-06-07 18:09:52.569 [info] > git for-each-ref --format=%(refname)%00%(upstream:short)%00%(objectname)%00%(upstream:track)%00%(upstream:remotename)%00%(upstream:remoteref) refs/heads/origin/master refs/remotes/origin/master [7ms]
2025-06-07 18:09:52.572 [info] > git rev-parse refs/remotes/origin/master [3ms]
2025-06-07 18:09:52.577 [info] > git for-each-ref --format=%(refname)%00%(upstream:short)%00%(objectname)%00%(upstream:track)%00%(upstream:remotename)%00%(upstream:remoteref) refs/heads/master refs/remotes/master [11ms]
2025-06-07 18:09:52.579 [warning] [Git][revParse] Unable to read file: ENOENT: no such file or directory, open '/home/kudos/rofi-themes-collection/.git/refs/remotes/origin/master'
2025-06-07 18:09:52.579 [info] > git status -z -uall [5ms]
2025-06-07 18:09:52.579 [info] > git merge-base refs/heads/master refs/remotes/origin/master [8ms]
2025-06-07 18:09:52.582 [info] > git rev-parse refs/remotes/origin/master [3ms]
2025-06-07 18:09:52.587 [info] > git for-each-ref --sort -committerdate --format %(refname)%00%(objectname)%00%(*objectname) [11ms]
2025-06-07 18:09:52.589 [info] > git for-each-ref --sort -committerdate --format %(refname)%00%(objectname)%00%(*objectname) [2ms]
2025-06-07 18:09:52.589 [info] > git diff --name-status -z --diff-filter=ADMR ec731cef79d39fc7ae12ef2a70a2a0dd384f9730...refs/remotes/origin/master [7ms]
2025-06-07 18:09:52.601 [info] > git status -z -uall [16ms]
2025-06-07 18:09:53.020 [info] > git check-ignore -v -z --stdin [5ms]
2025-06-07 18:09:53.020 [info] > git check-ignore -v -z --stdin [3ms]
2025-06-07 18:09:53.021 [info] > git check-ignore -v -z --stdin [1ms]
2025-06-07 18:09:53.792 [info] > git rev-parse --show-toplevel [1ms]
2025-06-07 18:09:53.792 [info] fatal: not a git repository (or any parent up to mount point /)
Stopping at filesystem boundary (GIT_DISCOVERY_ACROSS_FILESYSTEM not set).
2025-06-07 18:09:59.887 [info] > git rev-parse --show-toplevel [1ms]
2025-06-07 18:09:59.887 [info] fatal: not a git repository (or any parent up to mount point /)
Stopping at filesystem boundary (GIT_DISCOVERY_ACROSS_FILESYSTEM not set).
2025-06-07 18:10:17.395 [info] > git check-ignore -v -z --stdin [1ms]
2025-06-07 18:10:23.526 [info] > git show --textconv :.zshrc [4ms]
2025-06-07 18:10:23.526 [info] > git ls-files --stage -- .zshrc [0ms]
2025-06-07 18:10:23.529 [info] > git cat-file -s fa822b9de55de6aec028b67efffc372be6b3c2f3 [0ms]
2025-06-07 18:10:24.239 [info] > git show --textconv :.tmux.conf [4ms]
2025-06-07 18:10:24.239 [info] > git ls-files --stage -- .tmux.conf [1ms]
2025-06-07 18:10:24.242 [info] > git cat-file -s 267e04bd602a232221db0e2d02289c706cf4d779 [1ms]
2025-06-07 18:10:26.561 [info] > git check-ignore -v -z --stdin [1ms]
