2025-06-01 16:06:29.068 [info] [main] Log level: Info
2025-06-01 16:06:29.068 [info] [main] Validating found git in: "git"
2025-06-01 16:06:29.082 [info] [main] Using git "2.49.0" from "git"
2025-06-01 16:06:29.082 [info] [Model][doInitialScan] Initial repository scan started
2025-06-01 16:06:29.099 [info] > git rev-parse --show-toplevel [5ms]
2025-06-01 16:06:29.099 [info] fatal: not a git repository (or any parent up to mount point /)
Stopping at filesystem boundary (GIT_DISCOVERY_ACROSS_FILESYSTEM not set).
2025-06-01 16:06:29.138 [info] > git rev-parse --show-toplevel [10ms]
2025-06-01 16:06:29.138 [info] fatal: not a git repository (or any parent up to mount point /)
Stopping at filesystem boundary (GIT_DISCOVERY_ACROSS_FILESYSTEM not set).
2025-06-01 16:06:29.143 [info] > git rev-parse --show-toplevel [0ms]
2025-06-01 16:06:29.143 [info] fatal: not a git repository (or any parent up to mount point /)
Stopping at filesystem boundary (GIT_DISCOVERY_ACROSS_FILESYSTEM not set).
2025-06-01 16:06:29.146 [info] > git rev-parse --show-toplevel [0ms]
2025-06-01 16:06:29.147 [info] fatal: not a git repository (or any parent up to mount point /)
Stopping at filesystem boundary (GIT_DISCOVERY_ACROSS_FILESYSTEM not set).
2025-06-01 16:06:29.149 [info] > git rev-parse --show-toplevel [0ms]
2025-06-01 16:06:29.149 [info] fatal: not a git repository (or any parent up to mount point /)
Stopping at filesystem boundary (GIT_DISCOVERY_ACROSS_FILESYSTEM not set).
2025-06-01 16:06:29.152 [info] > git rev-parse --show-toplevel [1ms]
2025-06-01 16:06:29.152 [info] fatal: not a git repository (or any parent up to mount point /)
Stopping at filesystem boundary (GIT_DISCOVERY_ACROSS_FILESYSTEM not set).
2025-06-01 16:06:29.155 [info] > git rev-parse --show-toplevel [1ms]
2025-06-01 16:06:29.155 [info] fatal: not a git repository (or any parent up to mount point /)
Stopping at filesystem boundary (GIT_DISCOVERY_ACROSS_FILESYSTEM not set).
2025-06-01 16:06:29.159 [info] > git rev-parse --show-toplevel [0ms]
2025-06-01 16:06:29.159 [info] fatal: not a git repository (or any parent up to mount point /)
Stopping at filesystem boundary (GIT_DISCOVERY_ACROSS_FILESYSTEM not set).
2025-06-01 16:06:29.164 [info] > git rev-parse --show-toplevel [3ms]
2025-06-01 16:06:29.164 [info] fatal: not a git repository (or any parent up to mount point /)
Stopping at filesystem boundary (GIT_DISCOVERY_ACROSS_FILESYSTEM not set).
2025-06-01 16:06:29.167 [info] > git rev-parse --show-toplevel [0ms]
2025-06-01 16:06:29.167 [info] fatal: not a git repository (or any parent up to mount point /)
Stopping at filesystem boundary (GIT_DISCOVERY_ACROSS_FILESYSTEM not set).
2025-06-01 16:06:29.170 [info] > git rev-parse --show-toplevel [0ms]
2025-06-01 16:06:29.170 [info] fatal: not a git repository (or any parent up to mount point /)
Stopping at filesystem boundary (GIT_DISCOVERY_ACROSS_FILESYSTEM not set).
2025-06-01 16:06:29.174 [info] > git rev-parse --show-toplevel [1ms]
2025-06-01 16:06:29.174 [info] fatal: not a git repository (or any parent up to mount point /)
Stopping at filesystem boundary (GIT_DISCOVERY_ACROSS_FILESYSTEM not set).
2025-06-01 16:06:29.177 [info] > git rev-parse --show-toplevel [1ms]
2025-06-01 16:06:29.177 [info] fatal: not a git repository (or any parent up to mount point /)
Stopping at filesystem boundary (GIT_DISCOVERY_ACROSS_FILESYSTEM not set).
2025-06-01 16:06:29.180 [info] > git rev-parse --show-toplevel [1ms]
2025-06-01 16:06:29.180 [info] fatal: not a git repository (or any parent up to mount point /)
Stopping at filesystem boundary (GIT_DISCOVERY_ACROSS_FILESYSTEM not set).
2025-06-01 16:06:29.183 [info] > git rev-parse --show-toplevel [1ms]
2025-06-01 16:06:29.183 [info] fatal: not a git repository (or any parent up to mount point /)
Stopping at filesystem boundary (GIT_DISCOVERY_ACROSS_FILESYSTEM not set).
2025-06-01 16:06:29.186 [info] > git rev-parse --show-toplevel [0ms]
2025-06-01 16:06:29.186 [info] fatal: not a git repository (or any parent up to mount point /)
Stopping at filesystem boundary (GIT_DISCOVERY_ACROSS_FILESYSTEM not set).
2025-06-01 16:06:29.188 [info] > git rev-parse --show-toplevel [0ms]
2025-06-01 16:06:29.188 [info] fatal: not a git repository (or any parent up to mount point /)
Stopping at filesystem boundary (GIT_DISCOVERY_ACROSS_FILESYSTEM not set).
2025-06-01 16:06:29.192 [info] > git rev-parse --show-toplevel [1ms]
2025-06-01 16:06:29.192 [info] fatal: not a git repository (or any parent up to mount point /)
Stopping at filesystem boundary (GIT_DISCOVERY_ACROSS_FILESYSTEM not set).
2025-06-01 16:06:29.195 [info] > git rev-parse --show-toplevel [0ms]
2025-06-01 16:06:29.195 [info] fatal: not a git repository (or any parent up to mount point /)
Stopping at filesystem boundary (GIT_DISCOVERY_ACROSS_FILESYSTEM not set).
2025-06-01 16:06:29.197 [info] > git rev-parse --show-toplevel [0ms]
2025-06-01 16:06:29.197 [info] fatal: not a git repository (or any parent up to mount point /)
Stopping at filesystem boundary (GIT_DISCOVERY_ACROSS_FILESYSTEM not set).
2025-06-01 16:06:29.200 [info] > git rev-parse --show-toplevel [1ms]
2025-06-01 16:06:29.200 [info] fatal: not a git repository (or any parent up to mount point /)
Stopping at filesystem boundary (GIT_DISCOVERY_ACROSS_FILESYSTEM not set).
2025-06-01 16:06:29.200 [info] [Model][doInitialScan] Initial repository scan completed - repositories (0), closed repositories (0), parent repositories (0), unsafe repositories (0)
2025-06-01 16:06:30.971 [info] > git rev-parse --show-toplevel [1ms]
2025-06-01 16:06:30.971 [info] fatal: not a git repository (or any parent up to mount point /)
Stopping at filesystem boundary (GIT_DISCOVERY_ACROSS_FILESYSTEM not set).
2025-06-01 16:06:33.259 [info] > git rev-parse --show-toplevel [0ms]
2025-06-01 16:06:33.259 [info] fatal: not a git repository (or any parent up to mount point /)
Stopping at filesystem boundary (GIT_DISCOVERY_ACROSS_FILESYSTEM not set).
2025-06-01 16:06:35.686 [info] > git rev-parse --show-toplevel [1ms]
2025-06-01 16:06:35.686 [info] fatal: not a git repository (or any parent up to mount point /)
Stopping at filesystem boundary (GIT_DISCOVERY_ACROSS_FILESYSTEM not set).
2025-06-01 16:06:54.830 [info] [main] Log level: Info
2025-06-01 16:06:54.830 [info] [main] Validating found git in: "git"
2025-06-01 16:06:54.830 [info] [main] Using git "2.49.0" from "git"
2025-06-01 16:06:54.830 [info] [Model][doInitialScan] Initial repository scan started
2025-06-01 16:06:54.830 [info] > git rev-parse --show-toplevel [4ms]
2025-06-01 16:06:54.830 [info] fatal: not a git repository (or any parent up to mount point /)
Stopping at filesystem boundary (GIT_DISCOVERY_ACROSS_FILESYSTEM not set).
2025-06-01 16:06:54.838 [info] > git rev-parse --show-toplevel [1ms]
2025-06-01 16:06:54.838 [info] fatal: not a git repository (or any parent up to mount point /)
Stopping at filesystem boundary (GIT_DISCOVERY_ACROSS_FILESYSTEM not set).
2025-06-01 16:06:54.841 [info] > git rev-parse --show-toplevel [1ms]
2025-06-01 16:06:54.841 [info] fatal: not a git repository (or any parent up to mount point /)
Stopping at filesystem boundary (GIT_DISCOVERY_ACROSS_FILESYSTEM not set).
2025-06-01 16:06:54.844 [info] > git rev-parse --show-toplevel [1ms]
2025-06-01 16:06:54.844 [info] fatal: not a git repository (or any parent up to mount point /)
Stopping at filesystem boundary (GIT_DISCOVERY_ACROSS_FILESYSTEM not set).
2025-06-01 16:06:54.846 [info] > git rev-parse --show-toplevel [0ms]
2025-06-01 16:06:54.846 [info] fatal: not a git repository (or any parent up to mount point /)
Stopping at filesystem boundary (GIT_DISCOVERY_ACROSS_FILESYSTEM not set).
2025-06-01 16:06:54.849 [info] > git rev-parse --show-toplevel [1ms]
2025-06-01 16:06:54.849 [info] fatal: not a git repository (or any parent up to mount point /)
Stopping at filesystem boundary (GIT_DISCOVERY_ACROSS_FILESYSTEM not set).
2025-06-01 16:06:54.852 [info] > git rev-parse --show-toplevel [1ms]
2025-06-01 16:06:54.852 [info] fatal: not a git repository (or any parent up to mount point /)
Stopping at filesystem boundary (GIT_DISCOVERY_ACROSS_FILESYSTEM not set).
2025-06-01 16:06:54.854 [info] > git rev-parse --show-toplevel [0ms]
2025-06-01 16:06:54.854 [info] fatal: not a git repository (or any parent up to mount point /)
Stopping at filesystem boundary (GIT_DISCOVERY_ACROSS_FILESYSTEM not set).
2025-06-01 16:06:54.857 [info] > git rev-parse --show-toplevel [1ms]
2025-06-01 16:06:54.857 [info] fatal: not a git repository (or any parent up to mount point /)
Stopping at filesystem boundary (GIT_DISCOVERY_ACROSS_FILESYSTEM not set).
2025-06-01 16:06:54.857 [info] [Model][doInitialScan] Initial repository scan completed - repositories (0), closed repositories (0), parent repositories (0), unsafe repositories (0)
2025-06-01 16:06:56.371 [info] > git rev-parse --show-toplevel [1ms]
2025-06-01 16:06:56.371 [info] fatal: not a git repository (or any parent up to mount point /)
Stopping at filesystem boundary (GIT_DISCOVERY_ACROSS_FILESYSTEM not set).
2025-06-01 16:06:56.586 [info] > git rev-parse --show-toplevel [1ms]
2025-06-01 16:06:56.586 [info] fatal: not a git repository (or any parent up to mount point /)
Stopping at filesystem boundary (GIT_DISCOVERY_ACROSS_FILESYSTEM not set).
