2025-06-01 14:27:15.455 [info] [main] Log level: Info
2025-06-01 14:27:15.455 [info] [main] Validating found git in: "git"
2025-06-01 14:27:15.455 [info] [main] Using git "2.49.0" from "git"
2025-06-01 14:27:15.455 [info] [Model][doInitialScan] Initial repository scan started
2025-06-01 14:27:15.455 [info] > git rev-parse --show-toplevel [26ms]
2025-06-01 14:27:15.455 [info] fatal: not a git repository (or any parent up to mount point /)
Stopping at filesystem boundary (GIT_DISCOVERY_ACROSS_FILESYSTEM not set).
2025-06-01 14:27:15.465 [info] > git rev-parse --show-toplevel [8ms]
2025-06-01 14:27:15.465 [info] fatal: not a git repository (or any parent up to mount point /)
Stopping at filesystem boundary (GIT_DISCOVERY_ACROSS_FILESYSTEM not set).
2025-06-01 14:27:15.470 [info] > git rev-parse --show-toplevel [2ms]
2025-06-01 14:27:15.470 [info] fatal: not a git repository (or any parent up to mount point /)
Stopping at filesystem boundary (GIT_DISCOVERY_ACROSS_FILESYSTEM not set).
2025-06-01 14:27:15.475 [info] > git rev-parse --show-toplevel [1ms]
2025-06-01 14:27:15.475 [info] fatal: not a git repository (or any parent up to mount point /)
Stopping at filesystem boundary (GIT_DISCOVERY_ACROSS_FILESYSTEM not set).
2025-06-01 14:27:15.478 [info] > git rev-parse --show-toplevel [1ms]
2025-06-01 14:27:15.478 [info] fatal: not a git repository (or any parent up to mount point /)
Stopping at filesystem boundary (GIT_DISCOVERY_ACROSS_FILESYSTEM not set).
2025-06-01 14:27:15.481 [info] > git rev-parse --show-toplevel [1ms]
2025-06-01 14:27:15.481 [info] fatal: not a git repository (or any parent up to mount point /)
Stopping at filesystem boundary (GIT_DISCOVERY_ACROSS_FILESYSTEM not set).
2025-06-01 14:27:15.484 [info] > git rev-parse --show-toplevel [1ms]
2025-06-01 14:27:15.484 [info] fatal: not a git repository (or any parent up to mount point /)
Stopping at filesystem boundary (GIT_DISCOVERY_ACROSS_FILESYSTEM not set).
2025-06-01 14:27:15.487 [info] > git rev-parse --show-toplevel [1ms]
2025-06-01 14:27:15.487 [info] fatal: not a git repository (or any parent up to mount point /)
Stopping at filesystem boundary (GIT_DISCOVERY_ACROSS_FILESYSTEM not set).
2025-06-01 14:27:15.489 [info] > git rev-parse --show-toplevel [0ms]
2025-06-01 14:27:15.489 [info] fatal: not a git repository (or any parent up to mount point /)
Stopping at filesystem boundary (GIT_DISCOVERY_ACROSS_FILESYSTEM not set).
2025-06-01 14:27:15.492 [info] > git rev-parse --show-toplevel [0ms]
2025-06-01 14:27:15.492 [info] fatal: not a git repository (or any parent up to mount point /)
Stopping at filesystem boundary (GIT_DISCOVERY_ACROSS_FILESYSTEM not set).
2025-06-01 14:27:15.495 [info] > git rev-parse --show-toplevel [0ms]
2025-06-01 14:27:15.495 [info] fatal: not a git repository (or any parent up to mount point /)
Stopping at filesystem boundary (GIT_DISCOVERY_ACROSS_FILESYSTEM not set).
2025-06-01 14:27:15.498 [info] > git rev-parse --show-toplevel [0ms]
2025-06-01 14:27:15.498 [info] fatal: not a git repository (or any parent up to mount point /)
Stopping at filesystem boundary (GIT_DISCOVERY_ACROSS_FILESYSTEM not set).
2025-06-01 14:27:15.501 [info] > git rev-parse --show-toplevel [1ms]
2025-06-01 14:27:15.501 [info] fatal: not a git repository (or any parent up to mount point /)
Stopping at filesystem boundary (GIT_DISCOVERY_ACROSS_FILESYSTEM not set).
2025-06-01 14:27:15.504 [info] > git rev-parse --show-toplevel [1ms]
2025-06-01 14:27:15.504 [info] fatal: not a git repository (or any parent up to mount point /)
Stopping at filesystem boundary (GIT_DISCOVERY_ACROSS_FILESYSTEM not set).
2025-06-01 14:27:15.506 [info] > git rev-parse --show-toplevel [0ms]
2025-06-01 14:27:15.506 [info] fatal: not a git repository (or any parent up to mount point /)
Stopping at filesystem boundary (GIT_DISCOVERY_ACROSS_FILESYSTEM not set).
2025-06-01 14:27:15.509 [info] > git rev-parse --show-toplevel [1ms]
2025-06-01 14:27:15.509 [info] fatal: not a git repository (or any parent up to mount point /)
Stopping at filesystem boundary (GIT_DISCOVERY_ACROSS_FILESYSTEM not set).
2025-06-01 14:27:15.511 [info] > git rev-parse --show-toplevel [0ms]
2025-06-01 14:27:15.512 [info] fatal: not a git repository (or any parent up to mount point /)
Stopping at filesystem boundary (GIT_DISCOVERY_ACROSS_FILESYSTEM not set).
2025-06-01 14:27:15.514 [info] > git rev-parse --show-toplevel [0ms]
2025-06-01 14:27:15.514 [info] fatal: not a git repository (or any parent up to mount point /)
Stopping at filesystem boundary (GIT_DISCOVERY_ACROSS_FILESYSTEM not set).
2025-06-01 14:27:15.517 [info] > git rev-parse --show-toplevel [0ms]
2025-06-01 14:27:15.517 [info] fatal: not a git repository (or any parent up to mount point /)
Stopping at filesystem boundary (GIT_DISCOVERY_ACROSS_FILESYSTEM not set).
2025-06-01 14:27:15.520 [info] > git rev-parse --show-toplevel [1ms]
2025-06-01 14:27:15.520 [info] fatal: not a git repository (or any parent up to mount point /)
Stopping at filesystem boundary (GIT_DISCOVERY_ACROSS_FILESYSTEM not set).
2025-06-01 14:27:15.523 [info] > git rev-parse --show-toplevel [1ms]
2025-06-01 14:27:15.523 [info] fatal: not a git repository (or any parent up to mount point /)
Stopping at filesystem boundary (GIT_DISCOVERY_ACROSS_FILESYSTEM not set).
2025-06-01 14:27:15.523 [info] [Model][doInitialScan] Initial repository scan completed - repositories (0), closed repositories (0), parent repositories (0), unsafe repositories (0)
2025-06-01 14:27:17.218 [info] > git rev-parse --show-toplevel [1ms]
2025-06-01 14:27:17.218 [info] fatal: not a git repository (or any parent up to mount point /)
Stopping at filesystem boundary (GIT_DISCOVERY_ACROSS_FILESYSTEM not set).
2025-06-01 14:28:18.889 [info] > git rev-parse --show-toplevel [1ms]
2025-06-01 14:28:18.889 [info] fatal: not a git repository (or any parent up to mount point /)
Stopping at filesystem boundary (GIT_DISCOVERY_ACROSS_FILESYSTEM not set).
2025-06-01 14:28:23.494 [info] > git rev-parse --show-toplevel [2ms]
2025-06-01 14:28:23.494 [info] fatal: not a git repository (or any parent up to mount point /)
Stopping at filesystem boundary (GIT_DISCOVERY_ACROSS_FILESYSTEM not set).
2025-06-01 14:28:42.013 [info] > git rev-parse --show-toplevel [0ms]
2025-06-01 14:28:42.014 [info] fatal: not a git repository (or any parent up to mount point /)
Stopping at filesystem boundary (GIT_DISCOVERY_ACROSS_FILESYSTEM not set).
2025-06-01 14:28:42.875 [info] > git rev-parse --show-toplevel [1ms]
2025-06-01 14:28:42.875 [info] fatal: not a git repository (or any parent up to mount point /)
Stopping at filesystem boundary (GIT_DISCOVERY_ACROSS_FILESYSTEM not set).
2025-06-01 14:28:44.161 [info] > git rev-parse --show-toplevel [1ms]
2025-06-01 14:28:44.161 [info] fatal: not a git repository (or any parent up to mount point /)
Stopping at filesystem boundary (GIT_DISCOVERY_ACROSS_FILESYSTEM not set).
2025-06-01 14:29:14.622 [info] > git rev-parse --show-toplevel [1ms]
2025-06-01 14:29:14.622 [info] fatal: not a git repository (or any parent up to mount point /)
Stopping at filesystem boundary (GIT_DISCOVERY_ACROSS_FILESYSTEM not set).
2025-06-01 14:31:13.141 [info] > git rev-parse --show-toplevel [1ms]
2025-06-01 14:31:13.141 [info] fatal: not a git repository (or any parent up to mount point /)
Stopping at filesystem boundary (GIT_DISCOVERY_ACROSS_FILESYSTEM not set).
2025-06-01 14:32:13.114 [info] > git rev-parse --show-toplevel [0ms]
2025-06-01 14:32:13.114 [info] fatal: not a git repository (or any parent up to mount point /)
Stopping at filesystem boundary (GIT_DISCOVERY_ACROSS_FILESYSTEM not set).
2025-06-01 14:32:27.728 [info] > git rev-parse --show-toplevel [0ms]
2025-06-01 14:32:27.728 [info] fatal: not a git repository (or any parent up to mount point /)
Stopping at filesystem boundary (GIT_DISCOVERY_ACROSS_FILESYSTEM not set).
2025-06-01 14:34:29.727 [info] > git rev-parse --show-toplevel [1ms]
2025-06-01 14:34:29.727 [info] fatal: not a git repository (or any parent up to mount point /)
Stopping at filesystem boundary (GIT_DISCOVERY_ACROSS_FILESYSTEM not set).
2025-06-01 14:34:33.642 [info] > git rev-parse --show-toplevel [1ms]
2025-06-01 14:34:33.642 [info] fatal: not a git repository (or any parent up to mount point /)
Stopping at filesystem boundary (GIT_DISCOVERY_ACROSS_FILESYSTEM not set).
2025-06-01 14:34:37.187 [info] > git rev-parse --show-toplevel [1ms]
2025-06-01 14:34:37.187 [info] fatal: not a git repository (or any parent up to mount point /)
Stopping at filesystem boundary (GIT_DISCOVERY_ACROSS_FILESYSTEM not set).
2025-06-01 14:34:38.139 [info] > git rev-parse --show-toplevel [1ms]
2025-06-01 14:34:38.139 [info] fatal: not a git repository (or any parent up to mount point /)
Stopping at filesystem boundary (GIT_DISCOVERY_ACROSS_FILESYSTEM not set).
2025-06-01 14:34:39.797 [info] > git rev-parse --show-toplevel [1ms]
2025-06-01 14:34:39.797 [info] fatal: not a git repository (or any parent up to mount point /)
Stopping at filesystem boundary (GIT_DISCOVERY_ACROSS_FILESYSTEM not set).
2025-06-01 14:35:18.305 [info] > git rev-parse --show-toplevel [2ms]
2025-06-01 14:35:18.305 [info] fatal: not a git repository (or any parent up to mount point /)
Stopping at filesystem boundary (GIT_DISCOVERY_ACROSS_FILESYSTEM not set).
2025-06-01 14:35:21.325 [info] > git rev-parse --show-toplevel [0ms]
2025-06-01 14:35:21.325 [info] fatal: not a git repository (or any parent up to mount point /)
Stopping at filesystem boundary (GIT_DISCOVERY_ACROSS_FILESYSTEM not set).
2025-06-01 14:35:23.358 [info] > git rev-parse --show-toplevel [1ms]
2025-06-01 14:35:23.358 [info] fatal: not a git repository (or any parent up to mount point /)
Stopping at filesystem boundary (GIT_DISCOVERY_ACROSS_FILESYSTEM not set).
2025-06-01 14:35:25.371 [info] > git rev-parse --show-toplevel [1ms]
2025-06-01 14:35:25.371 [info] fatal: not a git repository (or any parent up to mount point /)
Stopping at filesystem boundary (GIT_DISCOVERY_ACROSS_FILESYSTEM not set).
2025-06-01 14:35:25.922 [info] > git rev-parse --show-toplevel [1ms]
2025-06-01 14:35:25.922 [info] fatal: not a git repository (or any parent up to mount point /)
Stopping at filesystem boundary (GIT_DISCOVERY_ACROSS_FILESYSTEM not set).
2025-06-01 14:35:26.946 [info] > git rev-parse --show-toplevel [1ms]
2025-06-01 14:35:26.946 [info] fatal: not a git repository (or any parent up to mount point /)
Stopping at filesystem boundary (GIT_DISCOVERY_ACROSS_FILESYSTEM not set).
2025-06-01 14:35:47.934 [info] > git rev-parse --show-toplevel [1ms]
2025-06-01 14:35:47.934 [info] fatal: not a git repository (or any parent up to mount point /)
Stopping at filesystem boundary (GIT_DISCOVERY_ACROSS_FILESYSTEM not set).
2025-06-01 14:37:40.004 [info] > git rev-parse --show-toplevel [1ms]
2025-06-01 14:37:40.004 [info] fatal: not a git repository (or any parent up to mount point /)
Stopping at filesystem boundary (GIT_DISCOVERY_ACROSS_FILESYSTEM not set).
