2025-06-01 14:02:57.147 [info] [main] Log level: Info
2025-06-01 14:02:57.147 [info] [main] Validating found git in: "git"
2025-06-01 14:02:57.147 [info] [main] Using git "2.49.0" from "git"
2025-06-01 14:02:57.147 [info] [Model][doInitialScan] Initial repository scan started
2025-06-01 14:02:57.147 [info] > git rev-parse --show-toplevel [1ms]
2025-06-01 14:02:57.147 [info] fatal: not a git repository (or any parent up to mount point /)
Stopping at filesystem boundary (GIT_DISCOVERY_ACROSS_FILESYSTEM not set).
2025-06-01 14:02:57.147 [info] > git rev-parse --show-toplevel [1ms]
2025-06-01 14:02:57.147 [info] fatal: not a git repository (or any parent up to mount point /)
Stopping at filesystem boundary (GIT_DISCOVERY_ACROSS_FILESYSTEM not set).
2025-06-01 14:02:57.147 [info] > git rev-parse --show-toplevel [0ms]
2025-06-01 14:02:57.147 [info] fatal: not a git repository (or any parent up to mount point /)
Stopping at filesystem boundary (GIT_DISCOVERY_ACROSS_FILESYSTEM not set).
2025-06-01 14:02:57.147 [info] > git rev-parse --show-toplevel [0ms]
2025-06-01 14:02:57.147 [info] fatal: not a git repository (or any parent up to mount point /)
Stopping at filesystem boundary (GIT_DISCOVERY_ACROSS_FILESYSTEM not set).
2025-06-01 14:02:57.147 [info] > git rev-parse --show-toplevel [1ms]
2025-06-01 14:02:57.147 [info] fatal: not a git repository (or any parent up to mount point /)
Stopping at filesystem boundary (GIT_DISCOVERY_ACROSS_FILESYSTEM not set).
2025-06-01 14:02:57.147 [info] > git rev-parse --show-toplevel [1ms]
2025-06-01 14:02:57.147 [info] fatal: not a git repository (or any parent up to mount point /)
Stopping at filesystem boundary (GIT_DISCOVERY_ACROSS_FILESYSTEM not set).
2025-06-01 14:02:57.147 [info] > git rev-parse --show-toplevel [1ms]
2025-06-01 14:02:57.147 [info] fatal: not a git repository (or any parent up to mount point /)
Stopping at filesystem boundary (GIT_DISCOVERY_ACROSS_FILESYSTEM not set).
2025-06-01 14:02:57.147 [info] > git rev-parse --show-toplevel [0ms]
2025-06-01 14:02:57.147 [info] fatal: not a git repository (or any parent up to mount point /)
Stopping at filesystem boundary (GIT_DISCOVERY_ACROSS_FILESYSTEM not set).
2025-06-01 14:02:57.147 [info] > git rev-parse --show-toplevel [0ms]
2025-06-01 14:02:57.147 [info] fatal: not a git repository (or any parent up to mount point /)
Stopping at filesystem boundary (GIT_DISCOVERY_ACROSS_FILESYSTEM not set).
2025-06-01 14:02:57.147 [info] > git rev-parse --show-toplevel [1ms]
2025-06-01 14:02:57.147 [info] fatal: not a git repository (or any parent up to mount point /)
Stopping at filesystem boundary (GIT_DISCOVERY_ACROSS_FILESYSTEM not set).
2025-06-01 14:02:57.147 [info] > git rev-parse --show-toplevel [1ms]
2025-06-01 14:02:57.147 [info] fatal: not a git repository (or any parent up to mount point /)
Stopping at filesystem boundary (GIT_DISCOVERY_ACROSS_FILESYSTEM not set).
2025-06-01 14:02:57.147 [info] > git rev-parse --show-toplevel [1ms]
2025-06-01 14:02:57.147 [info] fatal: not a git repository (or any parent up to mount point /)
Stopping at filesystem boundary (GIT_DISCOVERY_ACROSS_FILESYSTEM not set).
2025-06-01 14:02:57.148 [info] > git rev-parse --show-toplevel [1ms]
2025-06-01 14:02:57.148 [info] fatal: not a git repository (or any parent up to mount point /)
Stopping at filesystem boundary (GIT_DISCOVERY_ACROSS_FILESYSTEM not set).
2025-06-01 14:02:57.148 [info] > git rev-parse --show-toplevel [0ms]
2025-06-01 14:02:57.148 [info] fatal: not a git repository (or any parent up to mount point /)
Stopping at filesystem boundary (GIT_DISCOVERY_ACROSS_FILESYSTEM not set).
2025-06-01 14:02:57.148 [info] > git rev-parse --show-toplevel [1ms]
2025-06-01 14:02:57.148 [info] fatal: not a git repository (or any parent up to mount point /)
Stopping at filesystem boundary (GIT_DISCOVERY_ACROSS_FILESYSTEM not set).
2025-06-01 14:02:57.148 [info] > git rev-parse --show-toplevel [0ms]
2025-06-01 14:02:57.148 [info] fatal: not a git repository (or any parent up to mount point /)
Stopping at filesystem boundary (GIT_DISCOVERY_ACROSS_FILESYSTEM not set).
2025-06-01 14:02:57.148 [info] > git rev-parse --show-toplevel [0ms]
2025-06-01 14:02:57.148 [info] fatal: not a git repository (or any parent up to mount point /)
Stopping at filesystem boundary (GIT_DISCOVERY_ACROSS_FILESYSTEM not set).
2025-06-01 14:02:57.148 [info] > git rev-parse --show-toplevel [1ms]
2025-06-01 14:02:57.148 [info] fatal: not a git repository (or any parent up to mount point /)
Stopping at filesystem boundary (GIT_DISCOVERY_ACROSS_FILESYSTEM not set).
2025-06-01 14:02:57.148 [info] > git rev-parse --show-toplevel [1ms]
2025-06-01 14:02:57.148 [info] fatal: not a git repository (or any parent up to mount point /)
Stopping at filesystem boundary (GIT_DISCOVERY_ACROSS_FILESYSTEM not set).
2025-06-01 14:02:57.148 [info] [Model][doInitialScan] Initial repository scan completed - repositories (0), closed repositories (0), parent repositories (0), unsafe repositories (0)
2025-06-01 14:02:58.562 [info] > git rev-parse --show-toplevel [0ms]
2025-06-01 14:02:58.562 [info] fatal: not a git repository (or any parent up to mount point /)
Stopping at filesystem boundary (GIT_DISCOVERY_ACROSS_FILESYSTEM not set).
2025-06-01 14:02:58.648 [info] > git rev-parse --show-toplevel [0ms]
2025-06-01 14:02:58.648 [info] fatal: not a git repository (or any parent up to mount point /)
Stopping at filesystem boundary (GIT_DISCOVERY_ACROSS_FILESYSTEM not set).
2025-06-01 14:02:58.785 [info] > git rev-parse --show-toplevel [1ms]
2025-06-01 14:02:58.785 [info] fatal: not a git repository (or any parent up to mount point /)
Stopping at filesystem boundary (GIT_DISCOVERY_ACROSS_FILESYSTEM not set).
2025-06-01 14:03:01.045 [info] > git rev-parse --show-toplevel [0ms]
2025-06-01 14:03:01.045 [info] fatal: not a git repository (or any parent up to mount point /)
Stopping at filesystem boundary (GIT_DISCOVERY_ACROSS_FILESYSTEM not set).
2025-06-01 14:03:03.369 [info] > git rev-parse --show-toplevel [1ms]
2025-06-01 14:03:03.369 [info] fatal: not a git repository (or any parent up to mount point /)
Stopping at filesystem boundary (GIT_DISCOVERY_ACROSS_FILESYSTEM not set).
2025-06-01 14:03:07.381 [info] > git rev-parse --show-toplevel [2ms]
2025-06-01 14:03:07.381 [info] fatal: not a git repository (or any parent up to mount point /)
Stopping at filesystem boundary (GIT_DISCOVERY_ACROSS_FILESYSTEM not set).
2025-06-01 14:03:20.671 [info] > git rev-parse --show-toplevel [1ms]
2025-06-01 14:03:20.671 [info] fatal: not a git repository (or any parent up to mount point /)
Stopping at filesystem boundary (GIT_DISCOVERY_ACROSS_FILESYSTEM not set).
2025-06-01 14:03:20.887 [info] > git rev-parse --show-toplevel [1ms]
2025-06-01 14:03:20.887 [info] fatal: not a git repository (or any parent up to mount point /)
Stopping at filesystem boundary (GIT_DISCOVERY_ACROSS_FILESYSTEM not set).
2025-06-01 14:03:41.592 [info] > git rev-parse --show-toplevel [1ms]
2025-06-01 14:03:41.592 [info] fatal: not a git repository (or any parent up to mount point /)
Stopping at filesystem boundary (GIT_DISCOVERY_ACROSS_FILESYSTEM not set).
2025-06-01 14:03:42.272 [info] > git rev-parse --show-toplevel [1ms]
2025-06-01 14:03:42.272 [info] fatal: not a git repository (or any parent up to mount point /)
Stopping at filesystem boundary (GIT_DISCOVERY_ACROSS_FILESYSTEM not set).
2025-06-01 14:03:45.210 [info] > git rev-parse --show-toplevel [1ms]
2025-06-01 14:03:45.210 [info] fatal: not a git repository (or any parent up to mount point /)
Stopping at filesystem boundary (GIT_DISCOVERY_ACROSS_FILESYSTEM not set).
2025-06-01 14:03:45.814 [info] > git rev-parse --show-toplevel [2ms]
2025-06-01 14:03:45.814 [info] fatal: not a git repository (or any parent up to mount point /)
Stopping at filesystem boundary (GIT_DISCOVERY_ACROSS_FILESYSTEM not set).
