2025-06-07 21:41:42.610 [info] [main] Log level: Info
2025-06-07 21:41:42.610 [info] [main] Validating found git in: "git"
2025-06-07 21:41:42.610 [info] [main] Using git "2.49.0" from "git"
2025-06-07 21:41:42.610 [info] [Model][doInitialScan] Initial repository scan started
2025-06-07 21:41:42.610 [info] > git rev-parse --show-toplevel [13ms]
2025-06-07 21:41:42.610 [info] fatal: not a git repository (or any parent up to mount point /)
Stopping at filesystem boundary (GIT_DISCOVERY_ACROSS_FILESYSTEM not set).
2025-06-07 21:41:42.610 [info] > git rev-parse --show-toplevel [20ms]
2025-06-07 21:41:42.610 [info] fatal: not a git repository (or any parent up to mount point /)
Stopping at filesystem boundary (GIT_DISCOVERY_ACROSS_FILESYSTEM not set).
2025-06-07 21:41:42.616 [info] > git rev-parse --show-toplevel [0ms]
2025-06-07 21:41:42.616 [info] fatal: not a git repository (or any parent up to mount point /)
Stopping at filesystem boundary (GIT_DISCOVERY_ACROSS_FILESYSTEM not set).
2025-06-07 21:41:42.619 [info] > git rev-parse --show-toplevel [0ms]
2025-06-07 21:41:42.620 [info] fatal: not a git repository (or any parent up to mount point /)
Stopping at filesystem boundary (GIT_DISCOVERY_ACROSS_FILESYSTEM not set).
2025-06-07 21:41:42.624 [info] > git rev-parse --show-toplevel [1ms]
2025-06-07 21:41:42.628 [info] > git rev-parse --git-dir --git-common-dir [0ms]
2025-06-07 21:41:42.635 [info] [Model][openRepository] Opened repository (path): /home/kudos/.dotfiles
2025-06-07 21:41:42.635 [info] [Model][openRepository] Opened repository (real path): /home/kudos/.dotfiles
2025-06-07 21:41:42.642 [info] > git rev-parse --show-toplevel [1ms]
2025-06-07 21:41:42.642 [info] fatal: not a git repository (or any parent up to mount point /)
Stopping at filesystem boundary (GIT_DISCOVERY_ACROSS_FILESYSTEM not set).
2025-06-07 21:41:42.643 [info] > git config --get commit.template [3ms]
2025-06-07 21:41:42.649 [info] > git rev-parse --show-toplevel [3ms]
2025-06-07 21:41:42.649 [info] fatal: not a git repository (or any parent up to mount point /)
Stopping at filesystem boundary (GIT_DISCOVERY_ACROSS_FILESYSTEM not set).
2025-06-07 21:41:42.653 [info] > git for-each-ref --format=%(refname)%00%(upstream:short)%00%(objectname)%00%(upstream:track)%00%(upstream:remotename)%00%(upstream:remoteref) refs/heads/master refs/remotes/master [4ms]
2025-06-07 21:41:42.656 [warning] [Git][revParse] Unable to read file: ENOENT: no such file or directory, open '/home/kudos/.dotfiles/.git/refs/remotes/origin/master'
2025-06-07 21:41:42.656 [info] > git rev-parse --show-toplevel [4ms]
2025-06-07 21:41:42.656 [info] fatal: not a git repository (or any parent up to mount point /)
Stopping at filesystem boundary (GIT_DISCOVERY_ACROSS_FILESYSTEM not set).
2025-06-07 21:41:42.658 [info] > git rev-parse refs/remotes/origin/master [2ms]
2025-06-07 21:41:42.664 [info] > git rev-parse --show-toplevel [6ms]
2025-06-07 21:41:42.664 [info] fatal: not a git repository (or any parent up to mount point /)
Stopping at filesystem boundary (GIT_DISCOVERY_ACROSS_FILESYSTEM not set).
2025-06-07 21:41:42.667 [info] > git for-each-ref --sort -committerdate --format %(refname)%00%(objectname)%00%(*objectname) [3ms]
2025-06-07 21:41:42.669 [info] > git status -z -uall [8ms]
2025-06-07 21:41:42.669 [info] > git rev-parse --show-toplevel [2ms]
2025-06-07 21:41:42.669 [info] fatal: not a git repository (or any parent up to mount point /)
Stopping at filesystem boundary (GIT_DISCOVERY_ACROSS_FILESYSTEM not set).
2025-06-07 21:41:42.688 [info] > git for-each-ref --format=%(refname)%00%(upstream:short)%00%(objectname)%00%(upstream:track)%00%(upstream:remotename)%00%(upstream:remoteref) refs/heads/master refs/remotes/master [7ms]
2025-06-07 21:41:42.692 [info] > git config --get commit.template [4ms]
2025-06-07 21:41:42.692 [info] > git rev-parse --show-toplevel [7ms]
2025-06-07 21:41:42.692 [info] fatal: not a git repository (or any parent up to mount point /)
Stopping at filesystem boundary (GIT_DISCOVERY_ACROSS_FILESYSTEM not set).
2025-06-07 21:41:42.695 [info] > git config --get --local branch.master.vscode-merge-base [4ms]
2025-06-07 21:41:42.724 [info] > git for-each-ref --format=%(refname)%00%(upstream:short)%00%(objectname)%00%(upstream:track)%00%(upstream:remotename)%00%(upstream:remoteref) refs/heads/origin/master refs/remotes/origin/master [27ms]
2025-06-07 21:41:42.728 [info] > git rev-parse --show-toplevel [34ms]
2025-06-07 21:41:42.728 [info] fatal: not a git repository (or any parent up to mount point /)
Stopping at filesystem boundary (GIT_DISCOVERY_ACROSS_FILESYSTEM not set).
2025-06-07 21:41:42.733 [info] > git merge-base refs/heads/master refs/remotes/origin/master [6ms]
2025-06-07 21:41:42.736 [info] > git for-each-ref --format=%(refname)%00%(upstream:short)%00%(objectname)%00%(upstream:track)%00%(upstream:remotename)%00%(upstream:remoteref) refs/heads/master refs/remotes/master [20ms]
2025-06-07 21:41:42.741 [warning] [Git][revParse] Unable to read file: ENOENT: no such file or directory, open '/home/kudos/.dotfiles/.git/refs/remotes/origin/master'
2025-06-07 21:41:42.742 [info] > git diff --name-status -z --diff-filter=ADMR 9324e8d480fc29cb97b909c37ca13b3c48676325...refs/remotes/origin/master [6ms]
2025-06-07 21:41:42.742 [info] > git rev-parse --show-toplevel [10ms]
2025-06-07 21:41:42.746 [info] > git rev-parse refs/remotes/origin/master [5ms]
2025-06-07 21:41:42.752 [info] > git status -z -uall [4ms]
2025-06-07 21:41:42.752 [info] > git rev-parse --git-dir --git-common-dir [6ms]
2025-06-07 21:41:42.754 [info] [Model][openRepository] Opened repository (path): /home/kudos/rofi-themes-collection
2025-06-07 21:41:42.754 [info] [Model][openRepository] Opened repository (real path): /home/kudos/rofi-themes-collection
2025-06-07 21:41:42.755 [info] [Model][doInitialScan] Initial repository scan completed - repositories (2), closed repositories (0), parent repositories (0), unsafe repositories (0)
2025-06-07 21:41:42.759 [info] > git for-each-ref --sort -committerdate --format %(refname)%00%(objectname)%00%(*objectname) [8ms]
2025-06-07 21:41:42.761 [info] > git config --get commit.template [3ms]
2025-06-07 21:41:42.768 [info] > git for-each-ref --format=%(refname)%00%(upstream:short)%00%(objectname)%00%(upstream:track)%00%(upstream:remotename)%00%(upstream:remoteref) refs/heads/master refs/remotes/master [3ms]
2025-06-07 21:41:42.771 [warning] [Git][revParse] Unable to read file: ENOENT: no such file or directory, open '/home/kudos/rofi-themes-collection/.git/refs/remotes/origin/master'
2025-06-07 21:41:42.771 [info] > git rev-parse refs/remotes/origin/master [0ms]
2025-06-07 21:41:42.777 [info] > git for-each-ref --sort -committerdate --format %(refname)%00%(objectname)%00%(*objectname) [1ms]
2025-06-07 21:41:42.799 [info] > git status -z -uall [25ms]
2025-06-07 21:41:42.807 [info] > git for-each-ref --format=%(refname)%00%(upstream:short)%00%(objectname)%00%(upstream:track)%00%(upstream:remotename)%00%(upstream:remoteref) refs/heads/master refs/remotes/master [3ms]
2025-06-07 21:41:42.810 [info] > git config --get --local branch.master.vscode-merge-base [1ms]
2025-06-07 21:41:42.813 [info] > git config --get commit.template [6ms]
2025-06-07 21:41:42.813 [info] > git for-each-ref --format=%(refname)%00%(upstream:short)%00%(objectname)%00%(upstream:track)%00%(upstream:remotename)%00%(upstream:remoteref) refs/heads/origin/master refs/remotes/origin/master [0ms]
2025-06-07 21:41:42.819 [info] > git merge-base refs/heads/master refs/remotes/origin/master [3ms]
2025-06-07 21:41:42.822 [info] > git for-each-ref --format=%(refname)%00%(upstream:short)%00%(objectname)%00%(upstream:track)%00%(upstream:remotename)%00%(upstream:remoteref) refs/heads/master refs/remotes/master [3ms]
2025-06-07 21:41:42.824 [warning] [Git][revParse] Unable to read file: ENOENT: no such file or directory, open '/home/kudos/rofi-themes-collection/.git/refs/remotes/origin/master'
2025-06-07 21:41:42.824 [info] > git diff --name-status -z --diff-filter=ADMR ec731cef79d39fc7ae12ef2a70a2a0dd384f9730...refs/remotes/origin/master [2ms]
2025-06-07 21:41:42.825 [info] > git rev-parse refs/remotes/origin/master [1ms]
2025-06-07 21:41:42.830 [info] > git for-each-ref --sort -committerdate --format %(refname)%00%(objectname)%00%(*objectname) [1ms]
2025-06-07 21:41:42.843 [info] > git status -z -uall [16ms]
2025-06-07 21:41:43.269 [info] > git check-ignore -v -z --stdin [3ms]
2025-06-07 21:41:43.270 [info] > git check-ignore -v -z --stdin [1ms]
2025-06-07 21:41:44.090 [info] > git rev-parse --show-toplevel [0ms]
2025-06-07 21:41:44.090 [info] fatal: not a git repository (or any parent up to mount point /)
Stopping at filesystem boundary (GIT_DISCOVERY_ACROSS_FILESYSTEM not set).
