2025-06-01 16:06:09.413 [info] Extension host with pid 1101 started
2025-06-01 16:06:09.420 [info] ExtensionService#_doActivateExtension vscode.emmet, startup: false, activationEvent: 'onLanguage'
2025-06-01 16:06:09.449 [info] ExtensionService#_doActivateExtension vscode.git-base, startup: true, activationEvent: '*'
2025-06-01 16:06:09.453 [info] ExtensionService#_doActivateExtension vscode.github, startup: true, activationEvent: '*'
2025-06-01 16:06:09.476 [info] Eager extensions activated
2025-06-01 16:06:09.493 [info] ExtensionService#_doActivateExtension vscode.debug-auto-launch, startup: false, activationEvent: 'onStartupFinished'
2025-06-01 16:06:09.495 [info] ExtensionService#_doActivateExtension vscode.merge-conflict, startup: false, activationEvent: 'onStartupFinished'
2025-06-01 16:06:09.513 [info] ExtensionService#_doActivateExtension vscode.configuration-editing, startup: false, activationEvent: 'onLanguage:jsonc'
2025-06-01 16:06:09.519 [info] ExtensionService#_doActivateExtension vscode.json-language-features, startup: false, activationEvent: 'onLanguage:jsonc'
2025-06-01 16:06:09.564 [info] ExtensionService#_doActivateExtension vscode.typescript-language-features, startup: false, activationEvent: 'onLanguage:jsonc'
2025-06-01 16:06:28.118 [info] Extension host terminating: renderer closed the MessagePort
2025-06-01 16:06:28.122 [info] Extension host with pid 1101 exiting with code 0
2025-06-01 16:06:28.831 [info] Extension host with pid 1174 started
2025-06-01 16:06:28.831 [info] Skipping acquiring lock for /home/kudos/.config/Code - OSS/User/workspaceStorage/b1ce05402f4494109d49d10a0e700dfe.
2025-06-01 16:06:28.856 [info] ExtensionService#_doActivateExtension vscode.emmet, startup: false, activationEvent: 'onLanguage'
2025-06-01 16:06:28.902 [info] ExtensionService#_doActivateExtension vscode.git-base, startup: true, activationEvent: '*', root cause: vscode.git
2025-06-01 16:06:28.904 [info] ExtensionService#_doActivateExtension vscode.git, startup: true, activationEvent: '*'
2025-06-01 16:06:28.942 [info] ExtensionService#_doActivateExtension vscode.github, startup: true, activationEvent: '*'
2025-06-01 16:06:28.973 [info] ExtensionService#_doActivateExtension vscode.configuration-editing, startup: false, activationEvent: 'onLanguage:jsonc'
2025-06-01 16:06:28.979 [info] ExtensionService#_doActivateExtension vscode.json-language-features, startup: false, activationEvent: 'onLanguage:jsonc'
2025-06-01 16:06:29.025 [info] ExtensionService#_doActivateExtension vscode.typescript-language-features, startup: false, activationEvent: 'onLanguage:jsonc'
2025-06-01 16:06:29.084 [info] Eager extensions activated
2025-06-01 16:06:29.100 [info] ExtensionService#_doActivateExtension vscode.debug-auto-launch, startup: false, activationEvent: 'onStartupFinished'
2025-06-01 16:06:29.101 [info] ExtensionService#_doActivateExtension vscode.merge-conflict, startup: false, activationEvent: 'onStartupFinished'
2025-06-01 16:06:53.771 [info] Extension host terminating: renderer closed the MessagePort
2025-06-01 16:06:53.776 [info] Extension host with pid 1174 exiting with code 0
2025-06-01 16:06:54.455 [info] Extension host with pid 1275 started
2025-06-01 16:06:54.456 [info] Skipping acquiring lock for /home/kudos/.config/Code - OSS/User/workspaceStorage/bf0c6cd65c56e9f6204b160fabfacaf6.
2025-06-01 16:06:54.476 [info] ExtensionService#_doActivateExtension vscode.configuration-editing, startup: false, activationEvent: 'onLanguage:jsonc'
2025-06-01 16:06:54.484 [info] ExtensionService#_doActivateExtension vscode.json-language-features, startup: false, activationEvent: 'onLanguage:jsonc'
2025-06-01 16:06:54.526 [info] ExtensionService#_doActivateExtension vscode.typescript-language-features, startup: false, activationEvent: 'onLanguage:jsonc'
2025-06-01 16:06:54.565 [info] ExtensionService#_doActivateExtension vscode.emmet, startup: false, activationEvent: 'onLanguage'
2025-06-01 16:06:54.733 [info] ExtensionService#_doActivateExtension vscode.git-base, startup: true, activationEvent: '*', root cause: vscode.git
2025-06-01 16:06:54.735 [info] ExtensionService#_doActivateExtension vscode.git, startup: true, activationEvent: '*'
2025-06-01 16:06:54.766 [info] ExtensionService#_doActivateExtension vscode.github, startup: true, activationEvent: '*'
2025-06-01 16:06:54.805 [info] Eager extensions activated
2025-06-01 16:06:54.815 [info] ExtensionService#_doActivateExtension vscode.debug-auto-launch, startup: false, activationEvent: 'onStartupFinished'
2025-06-01 16:06:54.817 [info] ExtensionService#_doActivateExtension vscode.merge-conflict, startup: false, activationEvent: 'onStartupFinished'
2025-06-01 16:07:04.387 [info] Extension host terminating: renderer closed the MessagePort
2025-06-01 16:07:04.397 [info] Extension host with pid 1275 exiting with code 0
