2025-06-01 14:15:21.174 [info] [main] Log level: Info
2025-06-01 14:15:21.174 [info] [main] Validating found git in: "git"
2025-06-01 14:15:21.191 [info] [main] Using git "2.49.0" from "git"
2025-06-01 14:15:21.191 [info] [Model][doInitialScan] Initial repository scan started
2025-06-01 14:15:21.200 [info] > git rev-parse --show-toplevel [3ms]
2025-06-01 14:15:21.200 [info] fatal: not a git repository (or any parent up to mount point /)
Stopping at filesystem boundary (GIT_DISCOVERY_ACROSS_FILESYSTEM not set).
2025-06-01 14:15:21.222 [info] > git rev-parse --show-toplevel [16ms]
2025-06-01 14:15:21.222 [info] fatal: not a git repository (or any parent up to mount point /)
Stopping at filesystem boundary (GIT_DISCOVERY_ACROSS_FILESYSTEM not set).
2025-06-01 14:15:21.231 [info] > git rev-parse --show-toplevel [1ms]
2025-06-01 14:15:21.231 [info] fatal: not a git repository (or any parent up to mount point /)
Stopping at filesystem boundary (GIT_DISCOVERY_ACROSS_FILESYSTEM not set).
2025-06-01 14:15:21.234 [info] > git rev-parse --show-toplevel [1ms]
2025-06-01 14:15:21.234 [info] fatal: not a git repository (or any parent up to mount point /)
Stopping at filesystem boundary (GIT_DISCOVERY_ACROSS_FILESYSTEM not set).
2025-06-01 14:15:21.237 [info] > git rev-parse --show-toplevel [0ms]
2025-06-01 14:15:21.237 [info] fatal: not a git repository (or any parent up to mount point /)
Stopping at filesystem boundary (GIT_DISCOVERY_ACROSS_FILESYSTEM not set).
2025-06-01 14:15:21.239 [info] > git rev-parse --show-toplevel [0ms]
2025-06-01 14:15:21.239 [info] fatal: not a git repository (or any parent up to mount point /)
Stopping at filesystem boundary (GIT_DISCOVERY_ACROSS_FILESYSTEM not set).
2025-06-01 14:15:21.242 [info] > git rev-parse --show-toplevel [1ms]
2025-06-01 14:15:21.242 [info] fatal: not a git repository (or any parent up to mount point /)
Stopping at filesystem boundary (GIT_DISCOVERY_ACROSS_FILESYSTEM not set).
2025-06-01 14:15:21.244 [info] > git rev-parse --show-toplevel [1ms]
2025-06-01 14:15:21.244 [info] fatal: not a git repository (or any parent up to mount point /)
Stopping at filesystem boundary (GIT_DISCOVERY_ACROSS_FILESYSTEM not set).
2025-06-01 14:15:21.246 [info] > git rev-parse --show-toplevel [0ms]
2025-06-01 14:15:21.246 [info] fatal: not a git repository (or any parent up to mount point /)
Stopping at filesystem boundary (GIT_DISCOVERY_ACROSS_FILESYSTEM not set).
2025-06-01 14:15:21.249 [info] > git rev-parse --show-toplevel [1ms]
2025-06-01 14:15:21.249 [info] fatal: not a git repository (or any parent up to mount point /)
Stopping at filesystem boundary (GIT_DISCOVERY_ACROSS_FILESYSTEM not set).
2025-06-01 14:15:21.251 [info] > git rev-parse --show-toplevel [0ms]
2025-06-01 14:15:21.251 [info] fatal: not a git repository (or any parent up to mount point /)
Stopping at filesystem boundary (GIT_DISCOVERY_ACROSS_FILESYSTEM not set).
2025-06-01 14:15:21.254 [info] > git rev-parse --show-toplevel [1ms]
2025-06-01 14:15:21.254 [info] fatal: not a git repository (or any parent up to mount point /)
Stopping at filesystem boundary (GIT_DISCOVERY_ACROSS_FILESYSTEM not set).
2025-06-01 14:15:21.256 [info] > git rev-parse --show-toplevel [0ms]
2025-06-01 14:15:21.256 [info] fatal: not a git repository (or any parent up to mount point /)
Stopping at filesystem boundary (GIT_DISCOVERY_ACROSS_FILESYSTEM not set).
2025-06-01 14:15:21.259 [info] > git rev-parse --show-toplevel [1ms]
2025-06-01 14:15:21.259 [info] fatal: not a git repository (or any parent up to mount point /)
Stopping at filesystem boundary (GIT_DISCOVERY_ACROSS_FILESYSTEM not set).
2025-06-01 14:15:21.261 [info] > git rev-parse --show-toplevel [0ms]
2025-06-01 14:15:21.261 [info] fatal: not a git repository (or any parent up to mount point /)
Stopping at filesystem boundary (GIT_DISCOVERY_ACROSS_FILESYSTEM not set).
2025-06-01 14:15:21.264 [info] > git rev-parse --show-toplevel [1ms]
2025-06-01 14:15:21.264 [info] fatal: not a git repository (or any parent up to mount point /)
Stopping at filesystem boundary (GIT_DISCOVERY_ACROSS_FILESYSTEM not set).
2025-06-01 14:15:21.266 [info] > git rev-parse --show-toplevel [0ms]
2025-06-01 14:15:21.266 [info] fatal: not a git repository (or any parent up to mount point /)
Stopping at filesystem boundary (GIT_DISCOVERY_ACROSS_FILESYSTEM not set).
2025-06-01 14:15:21.269 [info] > git rev-parse --show-toplevel [1ms]
2025-06-01 14:15:21.269 [info] fatal: not a git repository (or any parent up to mount point /)
Stopping at filesystem boundary (GIT_DISCOVERY_ACROSS_FILESYSTEM not set).
2025-06-01 14:15:21.272 [info] > git rev-parse --show-toplevel [1ms]
2025-06-01 14:15:21.272 [info] fatal: not a git repository (or any parent up to mount point /)
Stopping at filesystem boundary (GIT_DISCOVERY_ACROSS_FILESYSTEM not set).
2025-06-01 14:15:21.274 [info] > git rev-parse --show-toplevel [1ms]
2025-06-01 14:15:21.274 [info] fatal: not a git repository (or any parent up to mount point /)
Stopping at filesystem boundary (GIT_DISCOVERY_ACROSS_FILESYSTEM not set).
2025-06-01 14:15:21.274 [info] [Model][doInitialScan] Initial repository scan completed - repositories (0), closed repositories (0), parent repositories (0), unsafe repositories (0)
2025-06-01 14:15:22.846 [info] > git rev-parse --show-toplevel [1ms]
2025-06-01 14:15:22.846 [info] fatal: not a git repository (or any parent up to mount point /)
Stopping at filesystem boundary (GIT_DISCOVERY_ACROSS_FILESYSTEM not set).
2025-06-01 14:15:27.205 [info] > git rev-parse --show-toplevel [1ms]
2025-06-01 14:15:27.205 [info] fatal: not a git repository (or any parent up to mount point /)
Stopping at filesystem boundary (GIT_DISCOVERY_ACROSS_FILESYSTEM not set).
2025-06-01 14:15:29.063 [info] > git rev-parse --show-toplevel [1ms]
2025-06-01 14:15:29.063 [info] fatal: not a git repository (or any parent up to mount point /)
Stopping at filesystem boundary (GIT_DISCOVERY_ACROSS_FILESYSTEM not set).
2025-06-01 14:15:31.363 [info] > git rev-parse --show-toplevel [2ms]
2025-06-01 14:15:31.363 [info] fatal: not a git repository (or any parent up to mount point /)
Stopping at filesystem boundary (GIT_DISCOVERY_ACROSS_FILESYSTEM not set).
2025-06-01 14:16:05.720 [info] > git rev-parse --show-toplevel [1ms]
2025-06-01 14:16:05.720 [info] fatal: not a git repository (or any parent up to mount point /)
Stopping at filesystem boundary (GIT_DISCOVERY_ACROSS_FILESYSTEM not set).
2025-06-01 14:17:30.686 [info] > git rev-parse --show-toplevel [1ms]
2025-06-01 14:17:30.686 [info] fatal: not a git repository (or any parent up to mount point /)
Stopping at filesystem boundary (GIT_DISCOVERY_ACROSS_FILESYSTEM not set).
2025-06-01 14:21:02.730 [info] > git rev-parse --show-toplevel [1ms]
2025-06-01 14:21:02.730 [info] fatal: not a git repository (or any parent up to mount point /)
Stopping at filesystem boundary (GIT_DISCOVERY_ACROSS_FILESYSTEM not set).
2025-06-01 14:21:09.104 [info] > git rev-parse --show-toplevel [1ms]
2025-06-01 14:21:09.104 [info] fatal: not a git repository (or any parent up to mount point /)
Stopping at filesystem boundary (GIT_DISCOVERY_ACROSS_FILESYSTEM not set).
2025-06-01 14:21:13.898 [info] > git rev-parse --show-toplevel [0ms]
2025-06-01 14:21:13.898 [info] fatal: not a git repository (or any parent up to mount point /)
Stopping at filesystem boundary (GIT_DISCOVERY_ACROSS_FILESYSTEM not set).
2025-06-01 14:25:53.264 [info] > git rev-parse --show-toplevel [1ms]
2025-06-01 14:25:53.264 [info] fatal: not a git repository (or any parent up to mount point /)
Stopping at filesystem boundary (GIT_DISCOVERY_ACROSS_FILESYSTEM not set).
